<?xml version="1.0" encoding="UTF-8"?>
<testng-results skipped="0" failed="0" total="1" passed="1">
  <reporter-output>
  </reporter-output>
  <suite name="Suite" duration-ms="77994" started-at="2021-03-24T08:50:11Z" finished-at="2021-03-24T08:51:29Z">
    <groups>
    </groups>
    <test name="Test" duration-ms="77994" started-at="2021-03-24T08:50:11Z" finished-at="2021-03-24T08:51:29Z">
      <class name="appiumFramework.FunctinalTesting">
        <test-method status="PASS" signature="bt()[pri:0, instance:appiumFramework.FunctinalTesting@6fc6f14e]" name="bt" is-config="true" duration-ms="9155" started-at="2021-03-24T14:20:11Z" finished-at="2021-03-24T14:20:21Z">
          <reporter-output>
          </reporter-output>
        </test-method> <!-- bt -->
        <test-method status="PASS" signature="test3()[pri:0, instance:appiumFramework.FunctinalTesting@6fc6f14e]" name="test3" duration-ms="68810" started-at="2021-03-24T14:20:21Z" finished-at="2021-03-24T14:21:29Z">
          <reporter-output>
          </reporter-output>
        </test-method> <!-- test3 -->
        <test-method status="PASS" signature="at()[pri:0, instance:appiumFramework.FunctinalTesting@6fc6f14e]" name="at" is-config="true" duration-ms="0" started-at="2021-03-24T14:21:29Z" finished-at="2021-03-24T14:21:29Z">
          <reporter-output>
          </reporter-output>
        </test-method> <!-- at -->
      </class> <!-- appiumFramework.FunctinalTesting -->
    </test> <!-- Test -->
  </suite> <!-- Suite -->
</testng-results>
